2025-06-02 23:36:03,299 - DataSplitter - INFO - 数据划分配置: 训练集=80.0%, 验证集=10.0%, 测试集=10.0%
2025-06-02 23:36:03,331 - DataSplitter - INFO - ✅ 时间序列划分正确，无数据泄露风险
2025-06-02 23:36:03,341 - DataSplitter - INFO - 价格分布统计:
2025-06-02 23:36:03,341 - DataSplitter - INFO -   原始数据: 均值=122.69, 标准差=65.96
2025-06-02 23:36:03,341 - DataSplitter - INFO -   训练集: 均值=112.08, 标准差=67.23
2025-06-02 23:36:03,341 - DataSplitter - INFO -   验证集: 均值=183.69, 标准差=41.65
2025-06-02 23:36:03,341 - DataSplitter - INFO -   测试集: 均值=146.60, 标准差=20.58
2025-06-02 23:36:03,342 - DataSplitter - INFO - ============================================================
2025-06-02 23:36:03,342 - DataSplitter - INFO - 数据划分完成
2025-06-02 23:36:03,343 - DataSplitter - INFO - 训练集: 56,216 行 (80.0%)
2025-06-02 23:36:03,343 - DataSplitter - INFO - 验证集: 7,027 行 (10.0%)
2025-06-02 23:36:03,343 - DataSplitter - INFO - 测试集: 7,028 行 (10.0%)
2025-06-02 23:36:03,343 - DataSplitter - INFO - 训练集时间范围: 2023-06-01 16:00:00 到 2025-01-07 05:45:00
2025-06-02 23:36:03,343 - DataSplitter - INFO - 验证集时间范围: 2025-01-07 06:00:00 到 2025-03-21 10:30:00
2025-06-02 23:36:03,343 - DataSplitter - INFO - 测试集时间范围: 2025-03-21 10:45:00 到 2025-06-02 15:30:00
2025-06-02 23:36:03,343 - DataSplitter - INFO - ============================================================
2025-06-02 23:38:42,832 - DataSplitter - INFO - 数据划分配置: 训练集=80.0%, 验证集=10.0%, 测试集=10.0%
2025-06-02 23:38:42,864 - DataSplitter - INFO - ✅ 时间序列划分正确，无数据泄露风险
2025-06-02 23:38:42,869 - DataSplitter - INFO - 价格分布统计:
2025-06-02 23:38:42,870 - DataSplitter - INFO -   原始数据: 均值=122.69, 标准差=65.96
2025-06-02 23:38:42,870 - DataSplitter - INFO -   训练集: 均值=112.08, 标准差=67.23
2025-06-02 23:38:42,871 - DataSplitter - INFO -   验证集: 均值=183.69, 标准差=41.65
2025-06-02 23:38:42,871 - DataSplitter - INFO -   测试集: 均值=146.60, 标准差=20.58
2025-06-02 23:38:42,871 - DataSplitter - INFO - ============================================================
2025-06-02 23:38:42,871 - DataSplitter - INFO - 数据划分完成
2025-06-02 23:38:42,871 - DataSplitter - INFO - 训练集: 56,216 行 (80.0%)
2025-06-02 23:38:42,871 - DataSplitter - INFO - 验证集: 7,027 行 (10.0%)
2025-06-02 23:38:42,871 - DataSplitter - INFO - 测试集: 7,028 行 (10.0%)
2025-06-02 23:38:42,871 - DataSplitter - INFO - 训练集时间范围: 2023-06-01 16:00:00 到 2025-01-07 05:45:00
2025-06-02 23:38:42,871 - DataSplitter - INFO - 验证集时间范围: 2025-01-07 06:00:00 到 2025-03-21 10:30:00
2025-06-02 23:38:42,872 - DataSplitter - INFO - 测试集时间范围: 2025-03-21 10:45:00 到 2025-06-02 15:30:00
2025-06-02 23:38:42,872 - DataSplitter - INFO - ============================================================
2025-06-03 03:53:21,894 - DataSplitter - INFO - 数据划分配置: 训练集=80.0%, 验证集=10.0%, 测试集=10.0%
2025-06-03 03:53:21,933 - DataSplitter - INFO - ✅ 时间序列划分正确，无数据泄露风险
2025-06-03 03:53:21,940 - DataSplitter - INFO - 价格分布统计:
2025-06-03 03:53:21,940 - DataSplitter - INFO -   原始数据: 均值=122.70, 标准差=65.96
2025-06-03 03:53:21,941 - DataSplitter - INFO -   训练集: 均值=112.11, 标准差=67.24
2025-06-03 03:53:21,941 - DataSplitter - INFO -   验证集: 均值=183.50, 标准差=41.71
2025-06-03 03:53:21,941 - DataSplitter - INFO -   测试集: 均值=146.66, 标准差=20.56
2025-06-03 03:53:21,941 - DataSplitter - INFO - ============================================================
2025-06-03 03:53:21,941 - DataSplitter - INFO - 数据划分完成
2025-06-03 03:53:21,941 - DataSplitter - INFO - 训练集: 56,230 行 (80.0%)
2025-06-03 03:53:21,941 - DataSplitter - INFO - 验证集: 7,029 行 (10.0%)
2025-06-03 03:53:21,942 - DataSplitter - INFO - 测试集: 7,029 行 (10.0%)
2025-06-03 03:53:21,942 - DataSplitter - INFO - 训练集时间范围: 2023-06-01 16:00:00 到 2025-01-07 09:15:00
2025-06-03 03:53:21,942 - DataSplitter - INFO - 验证集时间范围: 2025-01-07 09:30:00 到 2025-03-21 14:30:00
2025-06-03 03:53:21,942 - DataSplitter - INFO - 测试集时间范围: 2025-03-21 14:45:00 到 2025-06-02 19:45:00
2025-06-03 03:53:21,942 - DataSplitter - INFO - ============================================================
2025-06-03 04:22:49,156 - DataSplitter - INFO - 数据划分配置: 训练集=80.0%, 验证集=10.0%, 测试集=10.0%
2025-06-03 04:22:49,160 - DataSplitter - INFO - ✅ 时间序列划分正确，无数据泄露风险
2025-06-03 04:22:49,165 - DataSplitter - INFO - 价格分布统计:
2025-06-03 04:22:49,166 - DataSplitter - INFO -   原始数据: 均值=169.46, 标准差=8.24
2025-06-03 04:22:49,166 - DataSplitter - INFO -   训练集: 均值=171.55, 标准差=7.07
2025-06-03 04:22:49,166 - DataSplitter - INFO -   验证集: 均值=167.29, 标准差=5.21
2025-06-03 04:22:49,166 - DataSplitter - INFO -   测试集: 均值=154.98, 标准差=1.69
2025-06-03 04:22:49,166 - DataSplitter - INFO - ============================================================
2025-06-03 04:22:49,166 - DataSplitter - INFO - 数据划分完成
2025-06-03 04:22:49,166 - DataSplitter - INFO - 训练集: 2,004 行 (80.0%)
2025-06-03 04:22:49,166 - DataSplitter - INFO - 验证集: 250 行 (10.0%)
2025-06-03 04:22:49,167 - DataSplitter - INFO - 测试集: 251 行 (10.0%)
2025-06-03 04:22:49,167 - DataSplitter - INFO - 训练集时间范围: 2025-05-07 14:00:00 到 2025-05-28 10:45:00
2025-06-03 04:22:49,167 - DataSplitter - INFO - 验证集时间范围: 2025-05-28 11:00:00 到 2025-05-31 01:15:00
2025-06-03 04:22:49,167 - DataSplitter - INFO - 测试集时间范围: 2025-05-31 01:30:00 到 2025-06-02 16:00:00
2025-06-03 04:22:49,167 - DataSplitter - INFO - ============================================================
2025-06-03 04:23:18,910 - DataSplitter - INFO - 数据划分配置: 训练集=80.0%, 验证集=10.0%, 测试集=10.0%
2025-06-03 04:23:18,912 - DataSplitter - INFO - ✅ 时间序列划分正确，无数据泄露风险
2025-06-03 04:23:18,916 - DataSplitter - INFO - 价格分布统计:
2025-06-03 04:23:18,916 - DataSplitter - INFO -   原始数据: 均值=169.46, 标准差=8.24
2025-06-03 04:23:18,917 - DataSplitter - INFO -   训练集: 均值=171.55, 标准差=7.07
2025-06-03 04:23:18,917 - DataSplitter - INFO -   验证集: 均值=167.29, 标准差=5.21
2025-06-03 04:23:18,917 - DataSplitter - INFO -   测试集: 均值=154.98, 标准差=1.69
2025-06-03 04:23:18,917 - DataSplitter - INFO - ============================================================
2025-06-03 04:23:18,918 - DataSplitter - INFO - 数据划分完成
2025-06-03 04:23:18,918 - DataSplitter - INFO - 训练集: 2,004 行 (80.0%)
2025-06-03 04:23:18,918 - DataSplitter - INFO - 验证集: 250 行 (10.0%)
2025-06-03 04:23:18,918 - DataSplitter - INFO - 测试集: 251 行 (10.0%)
2025-06-03 04:23:18,918 - DataSplitter - INFO - 训练集时间范围: 2025-05-07 14:00:00 到 2025-05-28 10:45:00
2025-06-03 04:23:18,919 - DataSplitter - INFO - 验证集时间范围: 2025-05-28 11:00:00 到 2025-05-31 01:15:00
2025-06-03 04:23:18,919 - DataSplitter - INFO - 测试集时间范围: 2025-05-31 01:30:00 到 2025-06-02 16:00:00
2025-06-03 04:23:18,919 - DataSplitter - INFO - ============================================================
2025-06-03 04:31:08,417 - DataSplitter - INFO - 数据划分配置: 训练集=80.0%, 验证集=10.0%, 测试集=10.0%
2025-06-03 04:31:08,420 - DataSplitter - INFO - ✅ 时间序列划分正确，无数据泄露风险
2025-06-03 04:31:08,423 - DataSplitter - INFO - 价格分布统计:
2025-06-03 04:31:08,424 - DataSplitter - INFO -   原始数据: 均值=169.46, 标准差=8.24
2025-06-03 04:31:08,424 - DataSplitter - INFO -   训练集: 均值=171.55, 标准差=7.07
2025-06-03 04:31:08,424 - DataSplitter - INFO -   验证集: 均值=167.29, 标准差=5.21
2025-06-03 04:31:08,424 - DataSplitter - INFO -   测试集: 均值=154.98, 标准差=1.69
2025-06-03 04:31:08,424 - DataSplitter - INFO - ============================================================
2025-06-03 04:31:08,425 - DataSplitter - INFO - 数据划分完成
2025-06-03 04:31:08,425 - DataSplitter - INFO - 训练集: 2,004 行 (80.0%)
2025-06-03 04:31:08,425 - DataSplitter - INFO - 验证集: 250 行 (10.0%)
2025-06-03 04:31:08,425 - DataSplitter - INFO - 测试集: 251 行 (10.0%)
2025-06-03 04:31:08,425 - DataSplitter - INFO - 训练集时间范围: 2025-05-07 14:00:00 到 2025-05-28 10:45:00
2025-06-03 04:31:08,425 - DataSplitter - INFO - 验证集时间范围: 2025-05-28 11:00:00 到 2025-05-31 01:15:00
2025-06-03 04:31:08,426 - DataSplitter - INFO - 测试集时间范围: 2025-05-31 01:30:00 到 2025-06-02 16:00:00
2025-06-03 04:31:08,426 - DataSplitter - INFO - ============================================================
2025-06-03 04:36:49,065 - DataSplitter - INFO - 数据划分配置: 训练集=80.0%, 验证集=10.0%, 测试集=10.0%
2025-06-03 04:36:49,067 - DataSplitter - INFO - ✅ 时间序列划分正确，无数据泄露风险
2025-06-03 04:36:49,071 - DataSplitter - INFO - 价格分布统计:
2025-06-03 04:36:49,071 - DataSplitter - INFO -   原始数据: 均值=169.46, 标准差=8.24
2025-06-03 04:36:49,071 - DataSplitter - INFO -   训练集: 均值=171.55, 标准差=7.07
2025-06-03 04:36:49,071 - DataSplitter - INFO -   验证集: 均值=167.29, 标准差=5.21
2025-06-03 04:36:49,072 - DataSplitter - INFO -   测试集: 均值=154.98, 标准差=1.69
2025-06-03 04:36:49,072 - DataSplitter - INFO - ============================================================
2025-06-03 04:36:49,072 - DataSplitter - INFO - 数据划分完成
2025-06-03 04:36:49,072 - DataSplitter - INFO - 训练集: 2,004 行 (80.0%)
2025-06-03 04:36:49,072 - DataSplitter - INFO - 验证集: 250 行 (10.0%)
2025-06-03 04:36:49,073 - DataSplitter - INFO - 测试集: 251 行 (10.0%)
2025-06-03 04:36:49,073 - DataSplitter - INFO - 训练集时间范围: 2025-05-07 14:00:00 到 2025-05-28 10:45:00
2025-06-03 04:36:49,073 - DataSplitter - INFO - 验证集时间范围: 2025-05-28 11:00:00 到 2025-05-31 01:15:00
2025-06-03 04:36:49,073 - DataSplitter - INFO - 测试集时间范围: 2025-05-31 01:30:00 到 2025-06-02 16:00:00
2025-06-03 04:36:49,073 - DataSplitter - INFO - ============================================================
2025-06-03 04:38:34,597 - DataSplitter - INFO - 数据划分配置: 训练集=80.0%, 验证集=10.0%, 测试集=10.0%
2025-06-03 04:38:34,599 - DataSplitter - INFO - ✅ 时间序列划分正确，无数据泄露风险
2025-06-03 04:38:34,602 - DataSplitter - INFO - 价格分布统计:
2025-06-03 04:38:34,602 - DataSplitter - INFO -   原始数据: 均值=169.46, 标准差=8.24
2025-06-03 04:38:34,603 - DataSplitter - INFO -   训练集: 均值=171.55, 标准差=7.07
2025-06-03 04:38:34,603 - DataSplitter - INFO -   验证集: 均值=167.29, 标准差=5.21
2025-06-03 04:38:34,603 - DataSplitter - INFO -   测试集: 均值=154.98, 标准差=1.69
2025-06-03 04:38:34,603 - DataSplitter - INFO - ============================================================
2025-06-03 04:38:34,603 - DataSplitter - INFO - 数据划分完成
2025-06-03 04:38:34,603 - DataSplitter - INFO - 训练集: 2,004 行 (80.0%)
2025-06-03 04:38:34,604 - DataSplitter - INFO - 验证集: 250 行 (10.0%)
2025-06-03 04:38:34,604 - DataSplitter - INFO - 测试集: 251 行 (10.0%)
2025-06-03 04:38:34,604 - DataSplitter - INFO - 训练集时间范围: 2025-05-07 14:00:00 到 2025-05-28 10:45:00
2025-06-03 04:38:34,604 - DataSplitter - INFO - 验证集时间范围: 2025-05-28 11:00:00 到 2025-05-31 01:15:00
2025-06-03 04:38:34,604 - DataSplitter - INFO - 测试集时间范围: 2025-05-31 01:30:00 到 2025-06-02 16:00:00
2025-06-03 04:38:34,604 - DataSplitter - INFO - ============================================================
2025-06-03 04:40:20,638 - DataSplitter - INFO - 数据划分配置: 训练集=80.0%, 验证集=10.0%, 测试集=10.0%
2025-06-03 04:40:20,640 - DataSplitter - INFO - ✅ 时间序列划分正确，无数据泄露风险
2025-06-03 04:40:20,644 - DataSplitter - INFO - 价格分布统计:
2025-06-03 04:40:20,644 - DataSplitter - INFO -   原始数据: 均值=169.46, 标准差=8.24
2025-06-03 04:40:20,644 - DataSplitter - INFO -   训练集: 均值=171.55, 标准差=7.07
2025-06-03 04:40:20,645 - DataSplitter - INFO -   验证集: 均值=167.29, 标准差=5.21
2025-06-03 04:40:20,645 - DataSplitter - INFO -   测试集: 均值=154.98, 标准差=1.69
2025-06-03 04:40:20,645 - DataSplitter - INFO - ============================================================
2025-06-03 04:40:20,645 - DataSplitter - INFO - 数据划分完成
2025-06-03 04:40:20,645 - DataSplitter - INFO - 训练集: 2,004 行 (80.0%)
2025-06-03 04:40:20,645 - DataSplitter - INFO - 验证集: 250 行 (10.0%)
2025-06-03 04:40:20,645 - DataSplitter - INFO - 测试集: 251 行 (10.0%)
2025-06-03 04:40:20,645 - DataSplitter - INFO - 训练集时间范围: 2025-05-07 14:00:00 到 2025-05-28 10:45:00
2025-06-03 04:40:20,646 - DataSplitter - INFO - 验证集时间范围: 2025-05-28 11:00:00 到 2025-05-31 01:15:00
2025-06-03 04:40:20,646 - DataSplitter - INFO - 测试集时间范围: 2025-05-31 01:30:00 到 2025-06-02 16:00:00
2025-06-03 04:40:20,646 - DataSplitter - INFO - ============================================================
2025-06-03 04:41:35,512 - DataSplitter - INFO - 数据划分配置: 训练集=80.0%, 验证集=10.0%, 测试集=10.0%
2025-06-03 04:41:35,516 - DataSplitter - INFO - ✅ 时间序列划分正确，无数据泄露风险
2025-06-03 04:41:35,519 - DataSplitter - INFO - 价格分布统计:
2025-06-03 04:41:35,520 - DataSplitter - INFO -   原始数据: 均值=169.46, 标准差=8.24
2025-06-03 04:41:35,520 - DataSplitter - INFO -   训练集: 均值=171.55, 标准差=7.07
2025-06-03 04:41:35,520 - DataSplitter - INFO -   验证集: 均值=167.29, 标准差=5.21
2025-06-03 04:41:35,520 - DataSplitter - INFO -   测试集: 均值=154.98, 标准差=1.69
2025-06-03 04:41:35,520 - DataSplitter - INFO - ============================================================
2025-06-03 04:41:35,521 - DataSplitter - INFO - 数据划分完成
2025-06-03 04:41:35,521 - DataSplitter - INFO - 训练集: 2,004 行 (80.0%)
2025-06-03 04:41:35,521 - DataSplitter - INFO - 验证集: 250 行 (10.0%)
2025-06-03 04:41:35,521 - DataSplitter - INFO - 测试集: 251 行 (10.0%)
2025-06-03 04:41:35,521 - DataSplitter - INFO - 训练集时间范围: 2025-05-07 14:00:00 到 2025-05-28 10:45:00
2025-06-03 04:41:35,523 - DataSplitter - INFO - 验证集时间范围: 2025-05-28 11:00:00 到 2025-05-31 01:15:00
2025-06-03 04:41:35,523 - DataSplitter - INFO - 测试集时间范围: 2025-05-31 01:30:00 到 2025-06-02 16:00:00
2025-06-03 04:41:35,523 - DataSplitter - INFO - ============================================================
2025-06-03 04:54:36,133 - DataSplitter - INFO - 数据划分配置: 训练集=80.0%, 验证集=10.0%, 测试集=10.0%
2025-06-03 04:54:36,137 - DataSplitter - INFO - ✅ 时间序列划分正确，无数据泄露风险
2025-06-03 04:54:36,140 - DataSplitter - INFO - 价格分布统计:
2025-06-03 04:54:36,140 - DataSplitter - INFO -   原始数据: 均值=169.46, 标准差=8.24
2025-06-03 04:54:36,140 - DataSplitter - INFO -   训练集: 均值=171.55, 标准差=7.07
2025-06-03 04:54:36,140 - DataSplitter - INFO -   验证集: 均值=167.29, 标准差=5.21
2025-06-03 04:54:36,141 - DataSplitter - INFO -   测试集: 均值=154.98, 标准差=1.69
2025-06-03 04:54:36,141 - DataSplitter - INFO - ============================================================
2025-06-03 04:54:36,141 - DataSplitter - INFO - 数据划分完成
2025-06-03 04:54:36,141 - DataSplitter - INFO - 训练集: 2,004 行 (80.0%)
2025-06-03 04:54:36,141 - DataSplitter - INFO - 验证集: 250 行 (10.0%)
2025-06-03 04:54:36,141 - DataSplitter - INFO - 测试集: 251 行 (10.0%)
2025-06-03 04:54:36,141 - DataSplitter - INFO - 训练集时间范围: 2025-05-07 14:00:00 到 2025-05-28 10:45:00
2025-06-03 04:54:36,141 - DataSplitter - INFO - 验证集时间范围: 2025-05-28 11:00:00 到 2025-05-31 01:15:00
2025-06-03 04:54:36,141 - DataSplitter - INFO - 测试集时间范围: 2025-05-31 01:30:00 到 2025-06-02 16:00:00
2025-06-03 04:54:36,141 - DataSplitter - INFO - ============================================================
2025-06-03 05:01:29,998 - DataSplitter - INFO - 数据划分配置: 训练集=80.0%, 验证集=10.0%, 测试集=10.0%
2025-06-03 05:01:29,998 - DataSplitter - INFO - ✅ 时间序列划分正确，无数据泄露风险
2025-06-03 05:01:30,004 - DataSplitter - INFO - 价格分布统计:
2025-06-03 05:01:30,005 - DataSplitter - INFO -   原始数据: 均值=169.46, 标准差=8.24
2025-06-03 05:01:30,005 - DataSplitter - INFO -   训练集: 均值=171.55, 标准差=7.07
2025-06-03 05:01:30,005 - DataSplitter - INFO -   验证集: 均值=167.29, 标准差=5.21
2025-06-03 05:01:30,005 - DataSplitter - INFO -   测试集: 均值=154.98, 标准差=1.69
2025-06-03 05:01:30,005 - DataSplitter - INFO - ============================================================
2025-06-03 05:01:30,005 - DataSplitter - INFO - 数据划分完成
2025-06-03 05:01:30,005 - DataSplitter - INFO - 训练集: 2,004 行 (80.0%)
2025-06-03 05:01:30,005 - DataSplitter - INFO - 验证集: 250 行 (10.0%)
2025-06-03 05:01:30,005 - DataSplitter - INFO - 测试集: 251 行 (10.0%)
2025-06-03 05:01:30,005 - DataSplitter - INFO - 训练集时间范围: 2025-05-07 14:00:00 到 2025-05-28 10:45:00
2025-06-03 05:01:30,005 - DataSplitter - INFO - 验证集时间范围: 2025-05-28 11:00:00 到 2025-05-31 01:15:00
2025-06-03 05:01:30,005 - DataSplitter - INFO - 测试集时间范围: 2025-05-31 01:30:00 到 2025-06-02 16:00:00
2025-06-03 05:01:30,005 - DataSplitter - INFO - ============================================================
2025-06-03 05:04:22,814 - DataSplitter - INFO - 数据划分配置: 训练集=80.0%, 验证集=10.0%, 测试集=10.0%
2025-06-03 05:04:22,818 - DataSplitter - INFO - ✅ 时间序列划分正确，无数据泄露风险
2025-06-03 05:04:22,822 - DataSplitter - INFO - 价格分布统计:
2025-06-03 05:04:22,823 - DataSplitter - INFO -   原始数据: 均值=169.46, 标准差=8.24
2025-06-03 05:04:22,823 - DataSplitter - INFO -   训练集: 均值=171.55, 标准差=7.07
2025-06-03 05:04:22,823 - DataSplitter - INFO -   验证集: 均值=167.29, 标准差=5.21
2025-06-03 05:04:22,823 - DataSplitter - INFO -   测试集: 均值=154.98, 标准差=1.69
2025-06-03 05:04:22,824 - DataSplitter - INFO - ============================================================
2025-06-03 05:04:22,824 - DataSplitter - INFO - 数据划分完成
2025-06-03 05:04:22,824 - DataSplitter - INFO - 训练集: 2,004 行 (80.0%)
2025-06-03 05:04:22,824 - DataSplitter - INFO - 验证集: 250 行 (10.0%)
2025-06-03 05:04:22,824 - DataSplitter - INFO - 测试集: 251 行 (10.0%)
2025-06-03 05:04:22,824 - DataSplitter - INFO - 训练集时间范围: 2025-05-07 14:00:00 到 2025-05-28 10:45:00
2025-06-03 05:04:22,825 - DataSplitter - INFO - 验证集时间范围: 2025-05-28 11:00:00 到 2025-05-31 01:15:00
2025-06-03 05:04:22,825 - DataSplitter - INFO - 测试集时间范围: 2025-05-31 01:30:00 到 2025-06-02 16:00:00
2025-06-03 05:04:22,825 - DataSplitter - INFO - ============================================================
2025-06-03 05:17:40,112 - DataSplitter - INFO - 数据划分配置: 训练集=80.0%, 验证集=10.0%, 测试集=10.0%
2025-06-03 05:17:40,115 - DataSplitter - INFO - ✅ 时间序列划分正确，无数据泄露风险
2025-06-03 05:17:40,126 - DataSplitter - INFO - 价格分布统计:
2025-06-03 05:17:40,126 - DataSplitter - INFO -   原始数据: 均值=169.46, 标准差=8.24
2025-06-03 05:17:40,126 - DataSplitter - INFO -   训练集: 均值=171.55, 标准差=7.07
2025-06-03 05:17:40,128 - DataSplitter - INFO -   验证集: 均值=167.29, 标准差=5.21
2025-06-03 05:17:40,128 - DataSplitter - INFO -   测试集: 均值=154.98, 标准差=1.69
2025-06-03 05:17:40,128 - DataSplitter - INFO - ============================================================
2025-06-03 05:17:40,128 - DataSplitter - INFO - 数据划分完成
2025-06-03 05:17:40,129 - DataSplitter - INFO - 训练集: 2,004 行 (80.0%)
2025-06-03 05:17:40,129 - DataSplitter - INFO - 验证集: 250 行 (10.0%)
2025-06-03 05:17:40,129 - DataSplitter - INFO - 测试集: 251 行 (10.0%)
2025-06-03 05:17:40,130 - DataSplitter - INFO - 训练集时间范围: 2025-05-07 14:00:00 到 2025-05-28 10:45:00
2025-06-03 05:17:40,130 - DataSplitter - INFO - 验证集时间范围: 2025-05-28 11:00:00 到 2025-05-31 01:15:00
2025-06-03 05:17:40,130 - DataSplitter - INFO - 测试集时间范围: 2025-05-31 01:30:00 到 2025-06-02 16:00:00
2025-06-03 05:17:40,130 - DataSplitter - INFO - ============================================================
2025-06-03 05:21:59,249 - DataSplitter - INFO - 数据划分配置: 训练集=80.0%, 验证集=10.0%, 测试集=10.0%
2025-06-03 05:21:59,251 - DataSplitter - INFO - ✅ 时间序列划分正确，无数据泄露风险
2025-06-03 05:21:59,255 - DataSplitter - INFO - 价格分布统计:
2025-06-03 05:21:59,255 - DataSplitter - INFO -   原始数据: 均值=169.46, 标准差=8.24
2025-06-03 05:21:59,255 - DataSplitter - INFO -   训练集: 均值=171.55, 标准差=7.07
2025-06-03 05:21:59,255 - DataSplitter - INFO -   验证集: 均值=167.29, 标准差=5.21
2025-06-03 05:21:59,256 - DataSplitter - INFO -   测试集: 均值=154.98, 标准差=1.69
2025-06-03 05:21:59,256 - DataSplitter - INFO - ============================================================
2025-06-03 05:21:59,256 - DataSplitter - INFO - 数据划分完成
2025-06-03 05:21:59,256 - DataSplitter - INFO - 训练集: 2,004 行 (80.0%)
2025-06-03 05:21:59,256 - DataSplitter - INFO - 验证集: 250 行 (10.0%)
2025-06-03 05:21:59,256 - DataSplitter - INFO - 测试集: 251 行 (10.0%)
2025-06-03 05:21:59,256 - DataSplitter - INFO - 训练集时间范围: 2025-05-07 14:00:00 到 2025-05-28 10:45:00
2025-06-03 05:21:59,256 - DataSplitter - INFO - 验证集时间范围: 2025-05-28 11:00:00 到 2025-05-31 01:15:00
2025-06-03 05:21:59,256 - DataSplitter - INFO - 测试集时间范围: 2025-05-31 01:30:00 到 2025-06-02 16:00:00
2025-06-03 05:21:59,257 - DataSplitter - INFO - ============================================================
2025-06-03 09:49:43,943 - DataSplitter - INFO - 数据划分配置: 训练集=80.0%, 验证集=10.0%, 测试集=10.0%
2025-06-03 09:49:43,946 - DataSplitter - INFO - ✅ 时间序列划分正确，无数据泄露风险
2025-06-03 09:49:43,949 - DataSplitter - INFO - 价格分布统计:
2025-06-03 09:49:43,949 - DataSplitter - INFO -   原始数据: 均值=169.46, 标准差=8.24
2025-06-03 09:49:43,949 - DataSplitter - INFO -   训练集: 均值=171.55, 标准差=7.07
2025-06-03 09:49:43,949 - DataSplitter - INFO -   验证集: 均值=167.29, 标准差=5.21
2025-06-03 09:49:43,949 - DataSplitter - INFO -   测试集: 均值=154.98, 标准差=1.69
2025-06-03 09:49:43,949 - DataSplitter - INFO - ============================================================
2025-06-03 09:49:43,949 - DataSplitter - INFO - 数据划分完成
2025-06-03 09:49:43,949 - DataSplitter - INFO - 训练集: 2,004 行 (80.0%)
2025-06-03 09:49:43,949 - DataSplitter - INFO - 验证集: 250 行 (10.0%)
2025-06-03 09:49:43,949 - DataSplitter - INFO - 测试集: 251 行 (10.0%)
2025-06-03 09:49:43,949 - DataSplitter - INFO - 训练集时间范围: 2025-05-07 14:00:00 到 2025-05-28 10:45:00
2025-06-03 09:49:43,949 - DataSplitter - INFO - 验证集时间范围: 2025-05-28 11:00:00 到 2025-05-31 01:15:00
2025-06-03 09:49:43,949 - DataSplitter - INFO - 测试集时间范围: 2025-05-31 01:30:00 到 2025-06-02 16:00:00
2025-06-03 09:49:43,949 - DataSplitter - INFO - ============================================================
